#! /c/Source/iverilog-install/bin/vvp
:ivl_version "12.0 (devel)" "(s20150603-1110-g18392a46)";
:ivl_delay_selection "TYPICAL";
:vpi_time_precision + 0;
:vpi_module "C:\iverilog\lib\ivl\system.vpi";
:vpi_module "C:\iverilog\lib\ivl\vhdl_sys.vpi";
:vpi_module "C:\iverilog\lib\ivl\vhdl_textio.vpi";
:vpi_module "C:\iverilog\lib\ivl\v2005_math.vpi";
:vpi_module "C:\iverilog\lib\ivl\va_math.vpi";
S_0000028635f3edd0 .scope module, "baud_rate_generator" "baud_rate_generator" 2 1;
 .timescale 0 0;
    .port_info 0 /INPUT 1 "clk";
    .port_info 1 /INPUT 1 "count_en";
    .port_info 2 /INPUT 1 "rst";
    .port_info 3 /OUTPUT 1 "baud_rate_signal";
P_0000028635f3d440 .param/l "BAUD_RATE_NUMBER" 0 2 7, C4<00000000010100>;
v0000028635f36b20_0 .net *"_ivl_0", 31 0, L_0000028635f3bca0;  1 drivers
L_0000028635e30028 .functor BUFT 1, C4<000000000000000000>, C4<0>, C4<0>, C4<0>;
v0000028635f3b840_0 .net *"_ivl_3", 17 0, L_0000028635e30028;  1 drivers
L_0000028635e30070 .functor BUFT 1, C4<00000000000000000000000000000000>, C4<0>, C4<0>, C4<0>;
v0000028635f3b8e0_0 .net/2u *"_ivl_4", 31 0, L_0000028635e30070;  1 drivers
v0000028635f3b980_0 .net "baud_rate_signal", 0 0, L_0000028635f3bd40;  1 drivers
o0000028635de7068 .functor BUFZ 1, C4<z>; HiZ drive
v0000028635f3ba20_0 .net "clk", 0 0, o0000028635de7068;  0 drivers
v0000028635f3bac0_0 .var "count", 13 0;
o0000028635de70c8 .functor BUFZ 1, C4<z>; HiZ drive
v0000028635f3bb60_0 .net "count_en", 0 0, o0000028635de70c8;  0 drivers
o0000028635de70f8 .functor BUFZ 1, C4<z>; HiZ drive
v0000028635f3bc00_0 .net "rst", 0 0, o0000028635de70f8;  0 drivers
E_0000028635f3d040 .event posedge, v0000028635f3bc00_0, v0000028635f3ba20_0;
L_0000028635f3bca0 .concat [ 14 18 0 0], v0000028635f3bac0_0, L_0000028635e30028;
L_0000028635f3bd40 .cmp/eq 32, L_0000028635f3bca0, L_0000028635e30070;
    .scope S_0000028635f3edd0;
T_0 ;
    %wait E_0000028635f3d040;
    %load/vec4 v0000028635f3bc00_0;
    %load/vec4 v0000028635f3b980_0;
    %or;
    %flag_set/vec4 8;
    %jmp/0xz  T_0.0, 8;
    %pushi/vec4 20, 0, 14;
    %assign/vec4 v0000028635f3bac0_0, 0;
    %jmp T_0.1;
T_0.0 ;
    %load/vec4 v0000028635f3bb60_0;
    %flag_set/vec4 8;
    %jmp/0xz  T_0.2, 8;
    %load/vec4 v0000028635f3bac0_0;
    %subi 1, 0, 14;
    %assign/vec4 v0000028635f3bac0_0, 0;
    %jmp T_0.3;
T_0.2 ;
    %load/vec4 v0000028635f3bac0_0;
    %assign/vec4 v0000028635f3bac0_0, 0;
T_0.3 ;
T_0.1 ;
    %jmp T_0;
    .thread T_0;
# The file index is used to find the file name in the following table.
:file_names 3;
    "N/A";
    "<interactive>";
    "baud_rate_generator.v";
