#! /c/Source/iverilog-install/bin/vvp
:ivl_version "12.0 (devel)" "(s20150603-1110-g18392a46)";
:ivl_delay_selection "TYPICAL";
:vpi_time_precision - 12;
:vpi_module "C:\iverilog\lib\ivl\system.vpi";
:vpi_module "C:\iverilog\lib\ivl\vhdl_sys.vpi";
:vpi_module "C:\iverilog\lib\ivl\vhdl_textio.vpi";
:vpi_module "C:\iverilog\lib\ivl\v2005_math.vpi";
:vpi_module "C:\iverilog\lib\ivl\va_math.vpi";
S_000001f093b4ba60 .scope module, "tb_baud_rate_generator" "tb_baud_rate_generator" 2 4;
 .timescale -9 -12;
P_000001f093b62e30 .param/l "BAUD_RATE_NUMBER" 0 2 8, C4<00000000010100>;
P_000001f093b62e68 .param/l "PERIOD" 0 2 7, +C4<00000000000000000000000000001010>;
v000001f093b629e0_0 .net "baud_rate_signal", 0 0, L_000001f093b92dc0;  1 drivers
v000001f093b62a80_0 .var "clk", 0 0;
v000001f093b92c80_0 .var "count_clk", 13 0;
v000001f093b92460_0 .var "count_en", 0 0;
v000001f093b930e0_0 .var/i "error", 31 0;
v000001f093b92be0_0 .var/i "i", 31 0;
v000001f093b92a00_0 .var "rst", 0 0;
E_000001f093b86a20 .event posedge, v000001f093b62760_0;
E_000001f093b86ce0 .event anyedge, v000001f093b628a0_0;
S_000001f093b4bbf0 .scope module, "u_baud_rate_generator" "baud_rate_generator" 2 29, 3 1 0, S_000001f093b4ba60;
 .timescale 0 0;
    .port_info 0 /INPUT 1 "clk";
    .port_info 1 /INPUT 1 "count_en";
    .port_info 2 /INPUT 1 "rst";
    .port_info 3 /OUTPUT 1 "baud_rate_signal";
P_000001f093b86d60 .param/l "BAUD_RATE_NUMBER" 0 3 7, C4<00000000010100>;
v000001f093b4a230_0 .net *"_ivl_0", 31 0, L_000001f093b92d20;  1 drivers
L_000001f093beb848 .functor BUFT 1, C4<000000000000000000>, C4<0>, C4<0>, C4<0>;
v000001f093b4dac0_0 .net *"_ivl_3", 17 0, L_000001f093beb848;  1 drivers
L_000001f093beb890 .functor BUFT 1, C4<00000000000000000000000000000000>, C4<0>, C4<0>, C4<0>;
v000001f093b4bd80_0 .net/2u *"_ivl_4", 31 0, L_000001f093beb890;  1 drivers
v000001f093b48a00_0 .net "baud_rate_signal", 0 0, L_000001f093b92dc0;  alias, 1 drivers
v000001f093b62760_0 .net "clk", 0 0, v000001f093b62a80_0;  1 drivers
v000001f093b62800_0 .var "count", 13 0;
v000001f093b628a0_0 .net "count_en", 0 0, v000001f093b92460_0;  1 drivers
v000001f093b62940_0 .net "rst", 0 0, v000001f093b92a00_0;  1 drivers
E_000001f093b86d20/0 .event negedge, v000001f093b62940_0;
E_000001f093b86d20/1 .event posedge, v000001f093b62760_0;
E_000001f093b86d20 .event/or E_000001f093b86d20/0, E_000001f093b86d20/1;
L_000001f093b92d20 .concat [ 14 18 0 0], v000001f093b62800_0, L_000001f093beb848;
L_000001f093b92dc0 .cmp/eq 32, L_000001f093b92d20, L_000001f093beb890;
    .scope S_000001f093b4bbf0;
T_0 ;
    %wait E_000001f093b86d20;
    %load/vec4 v000001f093b62940_0;
    %load/vec4 v000001f093b48a00_0;
    %or;
    %flag_set/vec4 8;
    %jmp/0xz  T_0.0, 8;
    %pushi/vec4 20, 0, 14;
    %assign/vec4 v000001f093b62800_0, 0;
    %jmp T_0.1;
T_0.0 ;
    %load/vec4 v000001f093b628a0_0;
    %flag_set/vec4 8;
    %jmp/0xz  T_0.2, 8;
    %load/vec4 v000001f093b62800_0;
    %subi 1, 0, 14;
    %assign/vec4 v000001f093b62800_0, 0;
    %jmp T_0.3;
T_0.2 ;
    %load/vec4 v000001f093b62800_0;
    %assign/vec4 v000001f093b62800_0, 0;
T_0.3 ;
T_0.1 ;
    %jmp T_0;
    .thread T_0;
    .scope S_000001f093b4ba60;
T_1 ;
    %pushi/vec4 0, 0, 32;
    %store/vec4 v000001f093b930e0_0, 0, 32;
    %pushi/vec4 20, 0, 14;
    %store/vec4 v000001f093b92c80_0, 0, 14;
    %pushi/vec4 0, 0, 1;
    %store/vec4 v000001f093b62a80_0, 0, 1;
    %pushi/vec4 0, 0, 1;
    %store/vec4 v000001f093b92460_0, 0, 1;
    %pushi/vec4 0, 0, 1;
    %store/vec4 v000001f093b92a00_0, 0, 1;
    %end;
    .thread T_1;
    .scope S_000001f093b4ba60;
T_2 ;
T_2.0 ;
    %delay 5000, 0;
    %load/vec4 v000001f093b62a80_0;
    %inv;
    %store/vec4 v000001f093b62a80_0, 0, 1;
    %jmp T_2.0;
    %end;
    .thread T_2;
    .scope S_000001f093b4ba60;
T_3 ;
    %vpi_call 2 39 "$dumpfile", "tb_baud_rate_generator.vcd" {0 0 0};
    %vpi_call 2 40 "$dumpvars", 32'sb00000000000000000000000000000000, S_000001f093b4ba60 {0 0 0};
    %end;
    .thread T_3;
    .scope S_000001f093b4ba60;
T_4 ;
    %pushi/vec4 1, 0, 1;
    %store/vec4 v000001f093b92a00_0, 0, 1;
    %delay 20000, 0;
    %pushi/vec4 0, 0, 1;
    %store/vec4 v000001f093b92a00_0, 0, 1;
    %pushi/vec4 0, 0, 1;
    %store/vec4 v000001f093b92460_0, 0, 1;
    %delay 20000, 0;
    %pushi/vec4 1, 0, 1;
    %store/vec4 v000001f093b92460_0, 0, 1;
    %delay 500000, 0;
    %end;
    .thread T_4;
    .scope S_000001f093b4ba60;
T_5 ;
T_5.0 ;
    %load/vec4 v000001f093b92460_0;
    %pad/u 32;
    %pushi/vec4 1, 0, 32;
    %cmp/e;
    %flag_get/vec4 4;
    %cmpi/ne 1, 0, 1;
    %jmp/0xz T_5.1, 6;
    %wait E_000001f093b86ce0;
    %jmp T_5.0;
T_5.1 ;
    %pushi/vec4 0, 0, 32;
    %store/vec4 v000001f093b92be0_0, 0, 32;
T_5.2 ;
    %load/vec4 v000001f093b92be0_0;
    %cmpi/s 50, 0, 32;
    %jmp/0xz T_5.3, 5;
    %wait E_000001f093b86a20;
    %load/vec4 v000001f093b92c80_0;
    %pad/u 32;
    %cmpi/e 0, 0, 32;
    %jmp/0xz  T_5.4, 4;
    %load/vec4 v000001f093b629e0_0;
    %pad/u 32;
    %cmpi/ne 1, 0, 32;
    %jmp/0xz  T_5.6, 4;
    %load/vec4 v000001f093b930e0_0;
    %addi 1, 0, 32;
    %store/vec4 v000001f093b930e0_0, 0, 32;
    %vpi_call 2 60 "$display", "Error: baud_rate_signal != 1 at time %t", $time {0 0 0};
T_5.6 ;
    %jmp T_5.5;
T_5.4 ;
    %load/vec4 v000001f093b629e0_0;
    %pad/u 32;
    %cmpi/ne 0, 0, 32;
    %jmp/0xz  T_5.8, 4;
    %load/vec4 v000001f093b930e0_0;
    %addi 1, 0, 32;
    %store/vec4 v000001f093b930e0_0, 0, 32;
    %vpi_call 2 65 "$display", "Error: baud_rate_signal != 0 at time %t", $time {0 0 0};
T_5.8 ;
T_5.5 ;
    %load/vec4 v000001f093b92be0_0;
    %addi 1, 0, 32;
    %store/vec4 v000001f093b92be0_0, 0, 32;
    %jmp T_5.2;
T_5.3 ;
    %load/vec4 v000001f093b930e0_0;
    %cmpi/ne 0, 0, 32;
    %jmp/0xz  T_5.10, 4;
    %vpi_call 2 70 "$display", "wrong!" {0 0 0};
    %jmp T_5.11;
T_5.10 ;
    %vpi_call 2 71 "$display", "correct!" {0 0 0};
T_5.11 ;
    %vpi_call 2 73 "$finish" {0 0 0};
    %end;
    .thread T_5;
    .scope S_000001f093b4ba60;
T_6 ;
    %wait E_000001f093b86a20;
    %load/vec4 v000001f093b92a00_0;
    %flag_set/vec4 8;
    %jmp/0xz  T_6.0, 8;
    %pushi/vec4 20, 0, 14;
    %assign/vec4 v000001f093b92c80_0, 0;
    %jmp T_6.1;
T_6.0 ;
    %load/vec4 v000001f093b92460_0;
    %flag_set/vec4 8;
    %jmp/0xz  T_6.2, 8;
    %load/vec4 v000001f093b92c80_0;
    %pad/u 32;
    %cmpi/e 0, 0, 32;
    %jmp/0xz  T_6.4, 4;
    %pushi/vec4 20, 0, 14;
    %assign/vec4 v000001f093b92c80_0, 0;
    %jmp T_6.5;
T_6.4 ;
    %load/vec4 v000001f093b92c80_0;
    %subi 1, 0, 14;
    %assign/vec4 v000001f093b92c80_0, 0;
T_6.5 ;
T_6.2 ;
T_6.1 ;
    %jmp T_6;
    .thread T_6;
# The file index is used to find the file name in the following table.
:file_names 4;
    "N/A";
    "<interactive>";
    "baud_rate_generator_tb.v";
    "./baud_rate_generator.v";
