#! /c/Source/iverilog-install/bin/vvp
:ivl_version "12.0 (devel)" "(s20150603-1110-g18392a46)";
:ivl_delay_selection "TYPICAL";
:vpi_time_precision + 0;
:vpi_module "C:\iverilog\lib\ivl\system.vpi";
:vpi_module "C:\iverilog\lib\ivl\vhdl_sys.vpi";
:vpi_module "C:\iverilog\lib\ivl\vhdl_textio.vpi";
:vpi_module "C:\iverilog\lib\ivl\v2005_math.vpi";
:vpi_module "C:\iverilog\lib\ivl\va_math.vpi";
S_000001d1168cbd10 .scope module, "uart_receiver" "uart_receiver" 2 1;
 .timescale 0 0;
    .port_info 0 /INPUT 1 "uart_rx";
    .port_info 1 /INPUT 1 "baud_rate_signal";
    .port_info 2 /INPUT 1 "clk";
    .port_info 3 /INPUT 1 "rst";
    .port_info 4 /OUTPUT 8 "data";
    .port_info 5 /OUTPUT 1 "valid_data";
P_000001d1168c7540 .param/l "idle" 0 2 10, +C4<00000000000000000000000000000000>;
P_000001d1168c7578 .param/l "receive" 0 2 10, +C4<00000000000000000000000000000001>;
o000001d11675cfa8 .functor BUFZ 1, C4<z>; HiZ drive
v000001d1168c7300_0 .net "baud_rate_signal", 0 0, o000001d11675cfa8;  0 drivers
v000001d1168c7040_0 .var "bit_counter", 3 0;
o000001d11675d008 .functor BUFZ 1, C4<z>; HiZ drive
v000001d1168cbea0_0 .net "clk", 0 0, o000001d11675d008;  0 drivers
v000001d1168cbf40_0 .var "d", 7 0;
v000001d1167a2430_0 .var "data", 7 0;
v000001d1167a24d0_0 .var "next_bit_counter", 3 0;
v000001d1167a2570_0 .var "next_state", 0 0;
o000001d11675d0f8 .functor BUFZ 1, C4<z>; HiZ drive
v000001d1167a2610_0 .net "rst", 0 0, o000001d11675d0f8;  0 drivers
v000001d1167a26b0_0 .var "state", 0 0;
v000001d1167a2750_0 .var "stop_bit", 0 0;
o000001d11675d188 .functor BUFZ 1, C4<z>; HiZ drive
v000001d1167a27f0_0 .net "uart_rx", 0 0, o000001d11675d188;  0 drivers
v000001d1167a2890_0 .var "valid_data", 0 0;
v000001d1167a2930_0 .var "valid_data_local", 0 0;
E_000001d116745290 .event posedge, v000001d1168cbea0_0;
E_000001d116744e10/0 .event anyedge, v000001d1167a26b0_0, v000001d1168c7300_0, v000001d1167a27f0_0, v000001d1168c7040_0;
E_000001d116744e10/1 .event anyedge, v000001d1167a2750_0;
E_000001d116744e10 .event/or E_000001d116744e10/0, E_000001d116744e10/1;
    .scope S_000001d1168cbd10;
T_0 ;
    %pushi/vec4 0, 0, 4;
    %store/vec4 v000001d1168c7040_0, 0, 4;
    %pushi/vec4 0, 0, 1;
    %store/vec4 v000001d1167a26b0_0, 0, 1;
    %pushi/vec4 0, 0, 4;
    %store/vec4 v000001d1167a24d0_0, 0, 4;
    %pushi/vec4 0, 0, 1;
    %store/vec4 v000001d1167a2570_0, 0, 1;
    %pushi/vec4 0, 0, 8;
    %store/vec4 v000001d1168cbf40_0, 0, 8;
    %end;
    .thread T_0;
    .scope S_000001d1168cbd10;
T_1 ;
    %wait E_000001d116744e10;
    %load/vec4 v000001d1167a26b0_0;
    %dup/vec4;
    %pushi/vec4 0, 0, 1;
    %cmp/u;
    %jmp/1 T_1.0, 6;
    %dup/vec4;
    %pushi/vec4 1, 0, 1;
    %cmp/u;
    %jmp/1 T_1.1, 6;
    %jmp T_1.2;
T_1.0 ;
    %load/vec4 v000001d1168c7300_0;
    %pad/u 32;
    %cmpi/e 1, 0, 32;
    %jmp/0xz  T_1.3, 4;
    %load/vec4 v000001d1167a27f0_0;
    %pad/u 32;
    %cmpi/e 0, 0, 32;
    %jmp/0xz  T_1.5, 4;
    %pushi/vec4 1, 0, 1;
    %store/vec4 v000001d1167a2570_0, 0, 1;
    %jmp T_1.6;
T_1.5 ;
    %load/vec4 v000001d1167a26b0_0;
    %store/vec4 v000001d1167a2570_0, 0, 1;
T_1.6 ;
    %jmp T_1.4;
T_1.3 ;
    %pushi/vec4 0, 0, 1;
    %store/vec4 v000001d1167a2570_0, 0, 1;
T_1.4 ;
    %pushi/vec4 0, 0, 1;
    %store/vec4 v000001d1167a2930_0, 0, 1;
    %pushi/vec4 0, 0, 4;
    %store/vec4 v000001d1167a24d0_0, 0, 4;
    %jmp T_1.2;
T_1.1 ;
    %load/vec4 v000001d1168c7300_0;
    %pad/u 32;
    %cmpi/e 1, 0, 32;
    %jmp/0xz  T_1.7, 4;
    %load/vec4 v000001d1168c7040_0;
    %cmpi/e 8, 0, 4;
    %jmp/0xz  T_1.9, 4;
    %load/vec4 v000001d1167a27f0_0;
    %store/vec4 v000001d1167a2750_0, 0, 1;
    %load/vec4 v000001d1167a2750_0;
    %pad/u 32;
    %cmpi/e 1, 0, 32;
    %jmp/0xz  T_1.11, 4;
    %pushi/vec4 1, 0, 1;
    %store/vec4 v000001d1167a2930_0, 0, 1;
    %jmp T_1.12;
T_1.11 ;
    %pushi/vec4 0, 0, 1;
    %store/vec4 v000001d1167a2930_0, 0, 1;
T_1.12 ;
    %pushi/vec4 0, 0, 4;
    %store/vec4 v000001d1167a24d0_0, 0, 4;
    %pushi/vec4 0, 0, 1;
    %store/vec4 v000001d1167a2570_0, 0, 1;
    %jmp T_1.10;
T_1.9 ;
    %load/vec4 v000001d1167a27f0_0;
    %ix/getv 4, v000001d1168c7040_0;
    %store/vec4 v000001d1168cbf40_0, 4, 1;
    %load/vec4 v000001d1168c7040_0;
    %addi 1, 0, 4;
    %store/vec4 v000001d1167a24d0_0, 0, 4;
    %pushi/vec4 1, 0, 1;
    %store/vec4 v000001d1167a2570_0, 0, 1;
    %pushi/vec4 0, 0, 1;
    %store/vec4 v000001d1167a2930_0, 0, 1;
T_1.10 ;
    %jmp T_1.8;
T_1.7 ;
    %load/vec4 v000001d1168c7040_0;
    %store/vec4 v000001d1167a24d0_0, 0, 4;
    %pushi/vec4 1, 0, 1;
    %store/vec4 v000001d1167a2570_0, 0, 1;
    %pushi/vec4 0, 0, 1;
    %store/vec4 v000001d1167a2930_0, 0, 1;
T_1.8 ;
    %jmp T_1.2;
T_1.2 ;
    %pop/vec4 1;
    %jmp T_1;
    .thread T_1, $push;
    .scope S_000001d1168cbd10;
T_2 ;
    %wait E_000001d116745290;
    %load/vec4 v000001d1167a2610_0;
    %flag_set/vec4 8;
    %jmp/0xz  T_2.0, 8;
    %pushi/vec4 0, 0, 1;
    %assign/vec4 v000001d1167a26b0_0, 0;
    %pushi/vec4 0, 0, 4;
    %assign/vec4 v000001d1168c7040_0, 0;
    %pushi/vec4 0, 0, 8;
    %assign/vec4 v000001d1167a2430_0, 0;
    %pushi/vec4 0, 0, 1;
    %assign/vec4 v000001d1167a2890_0, 0;
    %jmp T_2.1;
T_2.0 ;
    %load/vec4 v000001d1167a2570_0;
    %assign/vec4 v000001d1167a26b0_0, 0;
    %load/vec4 v000001d1167a24d0_0;
    %assign/vec4 v000001d1168c7040_0, 0;
    %load/vec4 v000001d1168cbf40_0;
    %assign/vec4 v000001d1167a2430_0, 0;
    %load/vec4 v000001d1167a2930_0;
    %assign/vec4 v000001d1167a2890_0, 0;
T_2.1 ;
    %jmp T_2;
    .thread T_2;
# The file index is used to find the file name in the following table.
:file_names 3;
    "N/A";
    "<interactive>";
    "uart_reciever.v";
